# JRE version: OpenJDK Runtime Environment Temurin-21.0.9+10 (21.0.9+10) (build 21.0.9+10-LTS)
# Java VM: OpenJDK 64-Bit Server VM Temurin-21.0.9+10 (21.0.9+10-LTS, mixed mode, sharing, tiered, compressed oops, compressed class ptrs, parallel gc, windows-amd64)
GC Precious Log:
 CardTable entry size: 512
 CPUs: 12 total, 12 available
 Memory: 5989M
 Large Page Support: Disabled
 NUMA Support: Disabled
 Compressed Oops: Enabled (32-bit)
 Alignments: Space 512K, Generation 512K, Heap 2M
 Heap Min Capacity: 100M
 Heap Initial Capacity: 100M
 Heap Max Capacity: 2G
 Pre-touch: Disabled
 Parallel Workers: 10
Heap:
 PSYoungGen      total 11264K, used 11046K [0x00000000d5580000, 0x00000000d6180000, 0x0000000100000000)
  eden space 10752K, 99% used [0x00000000d5580000,0x00000000d5fe9a58,0x00000000d6000000)
  from space 512K, 75% used [0x00000000d6100000,0x00000000d6160000,0x00000000d6180000)
  to   space 512K, 0% used [0x00000000d6080000,0x00000000d6080000,0x00000000d6100000)
 ParOldGen       total 568320K, used 568061K [0x0000000080000000, 0x00000000a2b00000, 0x00000000d5580000)
  object space 568320K, 99% used [0x0000000080000000,0x00000000a2abf660,0x00000000a2b00000)
 Metaspace       used 19807K, committed 20672K, reserved 1114112K
  class space    used 1689K, committed 2048K, reserved 1048576K
GC Heap History (20 events):
Event: 291.072 GC heap before
{Heap before GC invocations=485 (full 0):
 PSYoungGen      total 11776K, used 11680K [0x00000000d5580000, 0x00000000d6180000, 0x0000000100000000)
  eden space 11264K, 100% used [0x00000000d5580000,0x00000000d6080000,0x00000000d6080000)
  from space 512K, 81% used [0x00000000d6100000,0x00000000d6168000,0x00000000d6180000)
  to   space 512K, 0% used [0x00000000d6080000,0x00000000d6080000,0x00000000d6100000)
 ParOldGen       total 552960K, used 552806K [0x0000000080000000, 0x00000000a1c00000, 0x00000000d5580000)
  object space 552960K, 99% used [0x0000000080000000,0x00000000a1bd9978,0x00000000a1c00000)
 Metaspace       used 19418K, committed 20288K, reserved 1114112K
  class space    used 1663K, committed 2048K, reserved 1048576K
}
Event: 291.073 GC heap after
{Heap after GC invocations=485 (full 0):
 PSYoungGen      total 11776K, used 416K [0x00000000d5580000, 0x00000000d6180000, 0x0000000100000000)
  eden space 11264K, 0% used [0x00000000d5580000,0x00000000d5580000,0x00000000d6080000)
  from space 512K, 81% used [0x00000000d6080000,0x00000000d60e8000,0x00000000d6100000)
  to   space 512K, 0% used [0x00000000d6100000,0x00000000d6100000,0x00000000d6180000)
 ParOldGen       total 553472K, used 553102K [0x0000000080000000, 0x00000000a1c80000, 0x00000000d5580000)
  object space 553472K, 99% used [0x0000000080000000,0x00000000a1c23978,0x00000000a1c80000)
 Metaspace       used 19418K, committed 20288K, reserved 1114112K
  class space    used 1663K, committed 2048K, reserved 1048576K
}
Event: 291.084 GC heap before
{Heap before GC invocations=486 (full 0):
 PSYoungGen      total 11776K, used 11680K [0x00000000d5580000, 0x00000000d6180000, 0x0000000100000000)
  eden space 11264K, 100% used [0x00000000d5580000,0x00000000d6080000,0x00000000d6080000)
  from space 512K, 81% used [0x00000000d6080000,0x00000000d60e8000,0x00000000d6100000)
  to   space 512K, 0% used [0x00000000d6100000,0x00000000d6100000,0x00000000d6180000)
 ParOldGen       total 553472K, used 553102K [0x0000000080000000, 0x00000000a1c80000, 0x00000000d5580000)
  object space 553472K, 99% used [0x0000000080000000,0x00000000a1c23978,0x00000000a1c80000)
 Metaspace       used 19418K, committed 20288K, reserved 1114112K
  class space    used 1663K, committed 2048K, reserved 1048576K
}
Event: 291.086 GC heap after
{Heap after GC invocations=486 (full 0):
 PSYoungGen      total 11776K, used 448K [0x00000000d5580000, 0x00000000d6180000, 0x0000000100000000)
  eden space 11264K, 0% used [0x00000000d5580000,0x00000000d5580000,0x00000000d6080000)
  from space 512K, 87% used [0x00000000d6100000,0x00000000d6170000,0x00000000d6180000)
  to   space 512K, 0% used [0x00000000d6080000,0x00000000d6080000,0x00000000d6100000)
 ParOldGen       total 553472K, used 553414K [0x0000000080000000, 0x00000000a1c80000, 0x00000000d5580000)
  object space 553472K, 99% used [0x0000000080000000,0x00000000a1c71978,0x00000000a1c80000)
 Metaspace       used 19418K, committed 20288K, reserved 1114112K
  class space    used 1663K, committed 2048K, reserved 1048576K
}
Event: 291.096 GC heap before
{Heap before GC invocations=487 (full 0):
 PSYoungGen      total 11776K, used 11712K [0x00000000d5580000, 0x00000000d6180000, 0x0000000100000000)
  eden space 11264K, 100% used [0x00000000d5580000,0x00000000d6080000,0x00000000d6080000)
  from space 512K, 87% used [0x00000000d6100000,0x00000000d6170000,0x00000000d6180000)
  to   space 512K, 0% used [0x00000000d6080000,0x00000000d6080000,0x00000000d6100000)
 ParOldGen       total 553472K, used 553414K [0x0000000080000000, 0x00000000a1c80000, 0x00000000d5580000)
  object space 553472K, 99% used [0x0000000080000000,0x00000000a1c71978,0x00000000a1c80000)
 Metaspace       used 19418K, committed 20288K, reserved 1114112K
  class space    used 1663K, committed 2048K, reserved 1048576K
}
Event: 291.097 GC heap after
{Heap after GC invocations=487 (full 0):
 PSYoungGen      total 11776K, used 448K [0x00000000d5580000, 0x00000000d6180000, 0x0000000100000000)
  eden space 11264K, 0% used [0x00000000d5580000,0x00000000d5580000,0x00000000d6080000)
  from space 512K, 87% used [0x00000000d6080000,0x00000000d60f0000,0x00000000d6100000)
  to   space 512K, 0% used [0x00000000d6100000,0x00000000d6100000,0x00000000d6180000)
 ParOldGen       total 553984K, used 553750K [0x0000000080000000, 0x00000000a1d00000, 0x00000000d5580000)
  object space 553984K, 99% used [0x0000000080000000,0x00000000a1cc5978,0x00000000a1d00000)
 Metaspace       used 19418K, committed 20288K, reserved 1114112K
  class space    used 1663K, committed 2048K, reserved 1048576K
}
Event: 291.107 GC heap before
{Heap before GC invocations=488 (full 0):
 PSYoungGen      total 11776K, used 11712K [0x00000000d5580000, 0x00000000d6180000, 0x0000000100000000)
  eden space 11264K, 100% used [0x00000000d5580000,0x00000000d6080000,0x00000000d6080000)
  from space 512K, 87% used [0x00000000d6080000,0x00000000d60f0000,0x00000000d6100000)
  to   space 512K, 0% used [0x00000000d6100000,0x00000000d6100000,0x00000000d6180000)
 ParOldGen       total 553984K, used 553750K [0x0000000080000000, 0x00000000a1d00000, 0x00000000d5580000)
  object space 553984K, 99% used [0x0000000080000000,0x00000000a1cc5978,0x00000000a1d00000)
 Metaspace       used 19418K, committed 20288K, reserved 1114112K
  class space    used 1663K, committed 2048K, reserved 1048576K
}
Event: 291.109 GC heap after
{Heap after GC invocations=488 (full 0):
 PSYoungGen      total 11776K, used 352K [0x00000000d5580000, 0x00000000d6180000, 0x0000000100000000)
  eden space 11264K, 0% used [0x00000000d5580000,0x00000000d5580000,0x00000000d6080000)
  from space 512K, 68% used [0x00000000d6100000,0x00000000d6158000,0x00000000d6180000)
  to   space 512K, 0% used [0x00000000d6080000,0x00000000d6080000,0x00000000d6100000)
 ParOldGen       total 554496K, used 554062K [0x0000000080000000, 0x00000000a1d80000, 0x00000000d5580000)
  object space 554496K, 99% used [0x0000000080000000,0x00000000a1d13978,0x00000000a1d80000)
 Metaspace       used 19418K, committed 20288K, reserved 1114112K
  class space    used 1663K, committed 2048K, reserved 1048576K
}
Event: 291.120 GC heap before
{Heap before GC invocations=489 (full 0):
 PSYoungGen      total 11776K, used 11616K [0x00000000d5580000, 0x00000000d6180000, 0x0000000100000000)
  eden space 11264K, 100% used [0x00000000d5580000,0x00000000d6080000,0x00000000d6080000)
  from space 512K, 68% used [0x00000000d6100000,0x00000000d6158000,0x00000000d6180000)
  to   space 512K, 0% used [0x00000000d6080000,0x00000000d6080000,0x00000000d6100000)
 ParOldGen       total 554496K, used 554062K [0x0000000080000000, 0x00000000a1d80000, 0x00000000d5580000)
  object space 554496K, 99% used [0x0000000080000000,0x00000000a1d13978,0x00000000a1d80000)
 Metaspace       used 19418K, committed 20288K, reserved 1114112K
  class space    used 1663K, committed 2048K, reserved 1048576K
}
Event: 291.122 GC heap after
{Heap after GC invocations=489 (full 0):
 PSYoungGen      total 11776K, used 352K [0x00000000d5580000, 0x00000000d6180000, 0x0000000100000000)
  eden space 11264K, 0% used [0x00000000d5580000,0x00000000d5580000,0x00000000d6080000)
  from space 512K, 68% used [0x00000000d6080000,0x00000000d60d8000,0x00000000d6100000)
  to   space 512K, 0% used [0x00000000d6100000,0x00000000d6100000,0x00000000d6180000)
 ParOldGen       total 554496K, used 554310K [0x0000000080000000, 0x00000000a1d80000, 0x00000000d5580000)
  object space 554496K, 99% used [0x0000000080000000,0x00000000a1d51978,0x00000000a1d80000)
 Metaspace       used 19418K, committed 20288K, reserved 1114112K
  class space    used 1663K, committed 2048K, reserved 1048576K
}
Event: 291.153 GC heap before
{Heap before GC invocations=490 (full 0):
 PSYoungGen      total 11776K, used 11364K [0x00000000d5580000, 0x00000000d6180000, 0x0000000100000000)
  eden space 11264K, 97% used [0x00000000d5580000,0x00000000d60411d0,0x00000000d6080000)
  from space 512K, 68% used [0x00000000d6080000,0x00000000d60d8000,0x00000000d6100000)
  to   space 512K, 0% used [0x00000000d6100000,0x00000000d6100000,0x00000000d6180000)
 ParOldGen       total 560640K, used 560446K [0x0000000080000000, 0x00000000a2380000, 0x00000000d5580000)
  object space 560640K, 99% used [0x0000000080000000,0x00000000a234f940,0x00000000a2380000)
 Metaspace       used 19418K, committed 20288K, reserved 1114112K
  class space    used 1663K, committed 2048K, reserved 1048576K
}
Event: 291.156 GC heap after
{Heap after GC invocations=490 (full 0):
 PSYoungGen      total 11264K, used 489K [0x00000000d5580000, 0x00000000d6280000, 0x0000000100000000)
  eden space 10752K, 0% used [0x00000000d5580000,0x00000000d5580000,0x00000000d6000000)
  from space 512K, 95% used [0x00000000d6100000,0x00000000d617a6a0,0x00000000d6180000)
  to   space 1024K, 0% used [0x00000000d6000000,0x00000000d6000000,0x00000000d6100000)
 ParOldGen       total 561152K, used 560798K [0x0000000080000000, 0x00000000a2400000, 0x00000000d5580000)
  object space 561152K, 99% used [0x0000000080000000,0x00000000a23a7940,0x00000000a2400000)
 Metaspace       used 19418K, committed 20288K, reserved 1114112K
  class space    used 1663K, committed 2048K, reserved 1048576K
}
Event: 291.234 GC heap before
{Heap before GC invocations=491 (full 0):
 PSYoungGen      total 11264K, used 11241K [0x00000000d5580000, 0x00000000d6280000, 0x0000000100000000)
  eden space 10752K, 100% used [0x00000000d5580000,0x00000000d6000000,0x00000000d6000000)
  from space 512K, 95% used [0x00000000d6100000,0x00000000d617a6a0,0x00000000d6180000)
  to   space 1024K, 0% used [0x00000000d6000000,0x00000000d6000000,0x00000000d6100000)
 ParOldGen       total 567296K, used 566934K [0x0000000080000000, 0x00000000a2a00000, 0x00000000d5580000)
  object space 567296K, 99% used [0x0000000080000000,0x00000000a29a5908,0x00000000a2a00000)
 Metaspace       used 19432K, committed 20288K, reserved 1114112K
  class space    used 1663K, committed 2048K, reserved 1048576K
}
Event: 291.237 GC heap after
{Heap after GC invocations=491 (full 0):
 PSYoungGen      total 11776K, used 352K [0x00000000d5580000, 0x00000000d6200000, 0x0000000100000000)
  eden space 10752K, 0% used [0x00000000d5580000,0x00000000d5580000,0x00000000d6000000)
  from space 1024K, 34% used [0x00000000d6000000,0x00000000d6058000,0x00000000d6100000)
  to   space 1024K, 0% used [0x00000000d6100000,0x00000000d6100000,0x00000000d6200000)
 ParOldGen       total 567808K, used 567434K [0x0000000080000000, 0x00000000a2a80000, 0x00000000d5580000)
  object space 567808K, 99% used [0x0000000080000000,0x00000000a2a22960,0x00000000a2a80000)
 Metaspace       used 19432K, committed 20288K, reserved 1114112K
  class space    used 1663K, committed 2048K, reserved 1048576K
}
Event: 291.336 GC heap before
{Heap before GC invocations=492 (full 0):
 PSYoungGen      total 11776K, used 11104K [0x00000000d5580000, 0x00000000d6200000, 0x0000000100000000)
  eden space 10752K, 100% used [0x00000000d5580000,0x00000000d6000000,0x00000000d6000000)
  from space 1024K, 34% used [0x00000000d6000000,0x00000000d6058000,0x00000000d6100000)
  to   space 1024K, 0% used [0x00000000d6100000,0x00000000d6100000,0x00000000d6200000)
 ParOldGen       total 567808K, used 567434K [0x0000000080000000, 0x00000000a2a80000, 0x00000000d5580000)
  object space 567808K, 99% used [0x0000000080000000,0x00000000a2a22960,0x00000000a2a80000)
 Metaspace       used 19538K, committed 20480K, reserved 1114112K
  class space    used 1664K, committed 2048K, reserved 1048576K
}
Event: 291.337 GC heap after
{Heap after GC invocations=492 (full 0):
 PSYoungGen      total 11264K, used 480K [0x00000000d5580000, 0x00000000d6180000, 0x0000000100000000)
  eden space 10752K, 0% used [0x00000000d5580000,0x00000000d5580000,0x00000000d6000000)
  from space 512K, 93% used [0x00000000d6100000,0x00000000d6178000,0x00000000d6180000)
  to   space 512K, 0% used [0x00000000d6080000,0x00000000d6080000,0x00000000d6100000)
 ParOldGen       total 567808K, used 567556K [0x0000000080000000, 0x00000000a2a80000, 0x00000000d5580000)
  object space 567808K, 99% used [0x0000000080000000,0x00000000a2a41260,0x00000000a2a80000)
 Metaspace       used 19538K, committed 20480K, reserved 1114112K
  class space    used 1664K, committed 2048K, reserved 1048576K
}
Event: 291.432 GC heap before
{Heap before GC invocations=493 (full 0):
 PSYoungGen      total 11264K, used 11232K [0x00000000d5580000, 0x00000000d6180000, 0x0000000100000000)
  eden space 10752K, 100% used [0x00000000d5580000,0x00000000d6000000,0x00000000d6000000)
  from space 512K, 93% used [0x00000000d6100000,0x00000000d6178000,0x00000000d6180000)
  to   space 512K, 0% used [0x00000000d6080000,0x00000000d6080000,0x00000000d6100000)
 ParOldGen       total 567808K, used 567556K [0x0000000080000000, 0x00000000a2a80000, 0x00000000d5580000)
  object space 567808K, 99% used [0x0000000080000000,0x00000000a2a41260,0x00000000a2a80000)
 Metaspace       used 19567K, committed 20480K, reserved 1114112K
  class space    used 1664K, committed 2048K, reserved 1048576K
}
Event: 291.434 GC heap after
{Heap after GC invocations=493 (full 0):
 PSYoungGen      total 11264K, used 512K [0x00000000d5580000, 0x00000000d6200000, 0x0000000100000000)
  eden space 10752K, 0% used [0x00000000d5580000,0x00000000d5580000,0x00000000d6000000)
  from space 512K, 100% used [0x00000000d6080000,0x00000000d6100000,0x00000000d6100000)
  to   space 1024K, 0% used [0x00000000d6100000,0x00000000d6100000,0x00000000d6200000)
 ParOldGen       total 567808K, used 567791K [0x0000000080000000, 0x00000000a2a80000, 0x00000000d5580000)
  object space 567808K, 99% used [0x0000000080000000,0x00000000a2a7bea0,0x00000000a2a80000)
 Metaspace       used 19567K, committed 20480K, reserved 1114112K
  class space    used 1664K, committed 2048K, reserved 1048576K
}
Event: 291.784 GC heap before
{Heap before GC invocations=494 (full 0):
 PSYoungGen      total 11264K, used 11264K [0x00000000d5580000, 0x00000000d6200000, 0x0000000100000000)
  eden space 10752K, 100% used [0x00000000d5580000,0x00000000d6000000,0x00000000d6000000)
  from space 512K, 100% used [0x00000000d6080000,0x00000000d6100000,0x00000000d6100000)
  to   space 1024K, 0% used [0x00000000d6100000,0x00000000d6100000,0x00000000d6200000)
 ParOldGen       total 567808K, used 567791K [0x0000000080000000, 0x00000000a2a80000, 0x00000000d5580000)
  object space 567808K, 99% used [0x0000000080000000,0x00000000a2a7bea0,0x00000000a2a80000)
 Metaspace       used 19620K, committed 20480K, reserved 1114112K
  class space    used 1671K, committed 2048K, reserved 1048576K
}
Event: 291.787 GC heap after
{Heap after GC invocations=494 (full 0):
 PSYoungGen      total 11264K, used 384K [0x00000000d5580000, 0x00000000d6180000, 0x0000000100000000)
  eden space 10752K, 0% used [0x00000000d5580000,0x00000000d5580000,0x00000000d6000000)
  from space 512K, 75% used [0x00000000d6100000,0x00000000d6160000,0x00000000d6180000)
  to   space 512K, 0% used [0x00000000d6080000,0x00000000d6080000,0x00000000d6100000)
 ParOldGen       total 568320K, used 568061K [0x0000000080000000, 0x00000000a2b00000, 0x00000000d5580000)
  object space 568320K, 99% used [0x0000000080000000,0x00000000a2abf660,0x00000000a2b00000)
 Metaspace       used 19620K, committed 20480K, reserved 1114112K
  class space    used 1671K, committed 2048K, reserved 1048576K
}

