# JRE version: OpenJDK Runtime Environment Temurin-21.0.9+10 (21.0.9+10) (build 21.0.9+10-LTS)
# Java VM: OpenJDK 64-Bit Server VM Temurin-21.0.9+10 (21.0.9+10-LTS, mixed mode, sharing, tiered, compressed oops, compressed class ptrs, parallel gc, windows-amd64)
GC Precious Log:
 CardTable entry size: 512
 CPUs: 12 total, 12 available
 Memory: 5989M
 Large Page Support: Disabled
 NUMA Support: Disabled
 Compressed Oops: Enabled (32-bit)
 Alignments: Space 512K, Generation 512K, Heap 2M
 Heap Min Capacity: 100M
 Heap Initial Capacity: 100M
 Heap Max Capacity: 2G
 Pre-touch: Disabled
 Parallel Workers: 10
Heap:
 PSYoungGen      total 3584K, used 1038K [0x00000000d5580000, 0x00000000d5980000, 0x0000000100000000)
  eden space 3072K, 23% used [0x00000000d5580000,0x00000000d5633bf0,0x00000000d5880000)
  from space 512K, 62% used [0x00000000d5880000,0x00000000d58d0000,0x00000000d5900000)
  to   space 512K, 0% used [0x00000000d5900000,0x00000000d5900000,0x00000000d5980000)
 ParOldGen       total 190976K, used 190609K [0x0000000080000000, 0x000000008ba80000, 0x00000000d5580000)
  object space 190976K, 99% used [0x0000000080000000,0x000000008ba24750,0x000000008ba80000)
 Metaspace       used 26931K, committed 27968K, reserved 1114112K
  class space    used 2983K, committed 3456K, reserved 1048576K
GC Heap History (20 events):
Event: 27237.670 GC heap before
{Heap before GC invocations=535 (full 1):
 PSYoungGen      total 3584K, used 3360K [0x00000000d5580000, 0x00000000d5980000, 0x0000000100000000)
  eden space 3072K, 100% used [0x00000000d5580000,0x00000000d5880000,0x00000000d5880000)
  from space 512K, 56% used [0x00000000d5880000,0x00000000d58c8000,0x00000000d5900000)
  to   space 512K, 0% used [0x00000000d5900000,0x00000000d5900000,0x00000000d5980000)
 ParOldGen       total 189952K, used 189840K [0x0000000080000000, 0x000000008b980000, 0x00000000d5580000)
  object space 189952K, 99% used [0x0000000080000000,0x000000008b9642e0,0x000000008b980000)
 Metaspace       used 26624K, committed 27648K, reserved 1114112K
  class space    used 2976K, committed 3456K, reserved 1048576K
}
Event: 27237.685 GC heap after
{Heap after GC invocations=535 (full 1):
 PSYoungGen      total 3584K, used 281K [0x00000000d5580000, 0x00000000d5980000, 0x0000000100000000)
  eden space 3072K, 0% used [0x00000000d5580000,0x00000000d5580000,0x00000000d5880000)
  from space 512K, 54% used [0x00000000d5900000,0x00000000d5946470,0x00000000d5980000)
  to   space 512K, 0% used [0x00000000d5880000,0x00000000d5880000,0x00000000d5900000)
 ParOldGen       total 189952K, used 189880K [0x0000000080000000, 0x000000008b980000, 0x00000000d5580000)
  object space 189952K, 99% used [0x0000000080000000,0x000000008b96e2e0,0x000000008b980000)
 Metaspace       used 26624K, committed 27648K, reserved 1114112K
  class space    used 2976K, committed 3456K, reserved 1048576K
}
Event: 27238.159 GC heap before
{Heap before GC invocations=536 (full 1):
 PSYoungGen      total 3584K, used 3353K [0x00000000d5580000, 0x00000000d5980000, 0x0000000100000000)
  eden space 3072K, 100% used [0x00000000d5580000,0x00000000d5880000,0x00000000d5880000)
  from space 512K, 54% used [0x00000000d5900000,0x00000000d5946470,0x00000000d5980000)
  to   space 512K, 0% used [0x00000000d5880000,0x00000000d5880000,0x00000000d5900000)
 ParOldGen       total 189952K, used 189880K [0x0000000080000000, 0x000000008b980000, 0x00000000d5580000)
  object space 189952K, 99% used [0x0000000080000000,0x000000008b96e2e0,0x000000008b980000)
 Metaspace       used 26680K, committed 27776K, reserved 1114112K
  class space    used 2983K, committed 3456K, reserved 1048576K
}
Event: 27238.165 GC heap after
{Heap after GC invocations=536 (full 1):
 PSYoungGen      total 3584K, used 384K [0x00000000d5580000, 0x00000000d5980000, 0x0000000100000000)
  eden space 3072K, 0% used [0x00000000d5580000,0x00000000d5580000,0x00000000d5880000)
  from space 512K, 75% used [0x00000000d5880000,0x00000000d58e0000,0x00000000d5900000)
  to   space 512K, 0% used [0x00000000d5900000,0x00000000d5900000,0x00000000d5980000)
 ParOldGen       total 190464K, used 189993K [0x0000000080000000, 0x000000008ba00000, 0x00000000d5580000)
  object space 190464K, 99% used [0x0000000080000000,0x000000008b98a750,0x000000008ba00000)
 Metaspace       used 26680K, committed 27776K, reserved 1114112K
  class space    used 2983K, committed 3456K, reserved 1048576K
}
Event: 27238.449 GC heap before
{Heap before GC invocations=537 (full 1):
 PSYoungGen      total 3584K, used 3454K [0x00000000d5580000, 0x00000000d5980000, 0x0000000100000000)
  eden space 3072K, 99% used [0x00000000d5580000,0x00000000d587fb88,0x00000000d5880000)
  from space 512K, 75% used [0x00000000d5880000,0x00000000d58e0000,0x00000000d5900000)
  to   space 512K, 0% used [0x00000000d5900000,0x00000000d5900000,0x00000000d5980000)
 ParOldGen       total 190464K, used 189993K [0x0000000080000000, 0x000000008ba00000, 0x00000000d5580000)
  object space 190464K, 99% used [0x0000000080000000,0x000000008b98a750,0x000000008ba00000)
 Metaspace       used 26692K, committed 27776K, reserved 1114112K
  class space    used 2983K, committed 3456K, reserved 1048576K
}
Event: 27238.454 GC heap after
{Heap after GC invocations=537 (full 1):
 PSYoungGen      total 3584K, used 288K [0x00000000d5580000, 0x00000000d5980000, 0x0000000100000000)
  eden space 3072K, 0% used [0x00000000d5580000,0x00000000d5580000,0x00000000d5880000)
  from space 512K, 56% used [0x00000000d5900000,0x00000000d5948000,0x00000000d5980000)
  to   space 512K, 0% used [0x00000000d5880000,0x00000000d5880000,0x00000000d5900000)
 ParOldGen       total 190464K, used 190193K [0x0000000080000000, 0x000000008ba00000, 0x00000000d5580000)
  object space 190464K, 99% used [0x0000000080000000,0x000000008b9bc750,0x000000008ba00000)
 Metaspace       used 26692K, committed 27776K, reserved 1114112K
  class space    used 2983K, committed 3456K, reserved 1048576K
}
Event: 27396.247 GC heap before
{Heap before GC invocations=538 (full 1):
 PSYoungGen      total 3584K, used 3360K [0x00000000d5580000, 0x00000000d5980000, 0x0000000100000000)
  eden space 3072K, 100% used [0x00000000d5580000,0x00000000d5880000,0x00000000d5880000)
  from space 512K, 56% used [0x00000000d5900000,0x00000000d5948000,0x00000000d5980000)
  to   space 512K, 0% used [0x00000000d5880000,0x00000000d5880000,0x00000000d5900000)
 ParOldGen       total 190464K, used 190193K [0x0000000080000000, 0x000000008ba00000, 0x00000000d5580000)
  object space 190464K, 99% used [0x0000000080000000,0x000000008b9bc750,0x000000008ba00000)
 Metaspace       used 26736K, committed 27840K, reserved 1114112K
  class space    used 2983K, committed 3456K, reserved 1048576K
}
Event: 27396.335 GC heap after
{Heap after GC invocations=538 (full 1):
 PSYoungGen      total 3584K, used 320K [0x00000000d5580000, 0x00000000d5980000, 0x0000000100000000)
  eden space 3072K, 0% used [0x00000000d5580000,0x00000000d5580000,0x00000000d5880000)
  from space 512K, 62% used [0x00000000d5880000,0x00000000d58d0000,0x00000000d5900000)
  to   space 512K, 0% used [0x00000000d5900000,0x00000000d5900000,0x00000000d5980000)
 ParOldGen       total 190464K, used 190257K [0x0000000080000000, 0x000000008ba00000, 0x00000000d5580000)
  object space 190464K, 99% used [0x0000000080000000,0x000000008b9cc750,0x000000008ba00000)
 Metaspace       used 26736K, committed 27840K, reserved 1114112K
  class space    used 2983K, committed 3456K, reserved 1048576K
}
Event: 27405.633 GC heap before
{Heap before GC invocations=539 (full 1):
 PSYoungGen      total 3584K, used 3392K [0x00000000d5580000, 0x00000000d5980000, 0x0000000100000000)
  eden space 3072K, 100% used [0x00000000d5580000,0x00000000d5880000,0x00000000d5880000)
  from space 512K, 62% used [0x00000000d5880000,0x00000000d58d0000,0x00000000d5900000)
  to   space 512K, 0% used [0x00000000d5900000,0x00000000d5900000,0x00000000d5980000)
 ParOldGen       total 190464K, used 190257K [0x0000000080000000, 0x000000008ba00000, 0x00000000d5580000)
  object space 190464K, 99% used [0x0000000080000000,0x000000008b9cc750,0x000000008ba00000)
 Metaspace       used 26817K, committed 27904K, reserved 1114112K
  class space    used 2983K, committed 3456K, reserved 1048576K
}
Event: 27405.637 GC heap after
{Heap after GC invocations=539 (full 1):
 PSYoungGen      total 3584K, used 224K [0x00000000d5580000, 0x00000000d5980000, 0x0000000100000000)
  eden space 3072K, 0% used [0x00000000d5580000,0x00000000d5580000,0x00000000d5880000)
  from space 512K, 43% used [0x00000000d5900000,0x00000000d5938000,0x00000000d5980000)
  to   space 512K, 0% used [0x00000000d5880000,0x00000000d5880000,0x00000000d5900000)
 ParOldGen       total 190464K, used 190345K [0x0000000080000000, 0x000000008ba00000, 0x00000000d5580000)
  object space 190464K, 99% used [0x0000000080000000,0x000000008b9e2750,0x000000008ba00000)
 Metaspace       used 26817K, committed 27904K, reserved 1114112K
  class space    used 2983K, committed 3456K, reserved 1048576K
}
Event: 27405.966 GC heap before
{Heap before GC invocations=540 (full 1):
 PSYoungGen      total 3584K, used 3296K [0x00000000d5580000, 0x00000000d5980000, 0x0000000100000000)
  eden space 3072K, 100% used [0x00000000d5580000,0x00000000d5880000,0x00000000d5880000)
  from space 512K, 43% used [0x00000000d5900000,0x00000000d5938000,0x00000000d5980000)
  to   space 512K, 0% used [0x00000000d5880000,0x00000000d5880000,0x00000000d5900000)
 ParOldGen       total 190464K, used 190345K [0x0000000080000000, 0x000000008ba00000, 0x00000000d5580000)
  object space 190464K, 99% used [0x0000000080000000,0x000000008b9e2750,0x000000008ba00000)
 Metaspace       used 26860K, committed 27968K, reserved 1114112K
  class space    used 2983K, committed 3456K, reserved 1048576K
}
Event: 27405.974 GC heap after
{Heap after GC invocations=540 (full 1):
 PSYoungGen      total 3584K, used 256K [0x00000000d5580000, 0x00000000d5980000, 0x0000000100000000)
  eden space 3072K, 0% used [0x00000000d5580000,0x00000000d5580000,0x00000000d5880000)
  from space 512K, 50% used [0x00000000d5880000,0x00000000d58c0000,0x00000000d5900000)
  to   space 512K, 0% used [0x00000000d5900000,0x00000000d5900000,0x00000000d5980000)
 ParOldGen       total 190464K, used 190393K [0x0000000080000000, 0x000000008ba00000, 0x00000000d5580000)
  object space 190464K, 99% used [0x0000000080000000,0x000000008b9ee750,0x000000008ba00000)
 Metaspace       used 26860K, committed 27968K, reserved 1114112K
  class space    used 2983K, committed 3456K, reserved 1048576K
}
Event: 27406.360 GC heap before
{Heap before GC invocations=541 (full 1):
 PSYoungGen      total 3584K, used 3328K [0x00000000d5580000, 0x00000000d5980000, 0x0000000100000000)
  eden space 3072K, 100% used [0x00000000d5580000,0x00000000d5880000,0x00000000d5880000)
  from space 512K, 50% used [0x00000000d5880000,0x00000000d58c0000,0x00000000d5900000)
  to   space 512K, 0% used [0x00000000d5900000,0x00000000d5900000,0x00000000d5980000)
 ParOldGen       total 190464K, used 190393K [0x0000000080000000, 0x000000008ba00000, 0x00000000d5580000)
  object space 190464K, 99% used [0x0000000080000000,0x000000008b9ee750,0x000000008ba00000)
 Metaspace       used 26871K, committed 27968K, reserved 1114112K
  class space    used 2983K, committed 3456K, reserved 1048576K
}
Event: 27406.364 GC heap after
{Heap after GC invocations=541 (full 1):
 PSYoungGen      total 3584K, used 224K [0x00000000d5580000, 0x00000000d5980000, 0x0000000100000000)
  eden space 3072K, 0% used [0x00000000d5580000,0x00000000d5580000,0x00000000d5880000)
  from space 512K, 43% used [0x00000000d5900000,0x00000000d5938000,0x00000000d5980000)
  to   space 512K, 0% used [0x00000000d5880000,0x00000000d5880000,0x00000000d5900000)
 ParOldGen       total 190464K, used 190433K [0x0000000080000000, 0x000000008ba00000, 0x00000000d5580000)
  object space 190464K, 99% used [0x0000000080000000,0x000000008b9f8750,0x000000008ba00000)
 Metaspace       used 26871K, committed 27968K, reserved 1114112K
  class space    used 2983K, committed 3456K, reserved 1048576K
}
Event: 27406.706 GC heap before
{Heap before GC invocations=542 (full 1):
 PSYoungGen      total 3584K, used 3296K [0x00000000d5580000, 0x00000000d5980000, 0x0000000100000000)
  eden space 3072K, 100% used [0x00000000d5580000,0x00000000d5880000,0x00000000d5880000)
  from space 512K, 43% used [0x00000000d5900000,0x00000000d5938000,0x00000000d5980000)
  to   space 512K, 0% used [0x00000000d5880000,0x00000000d5880000,0x00000000d5900000)
 ParOldGen       total 190464K, used 190433K [0x0000000080000000, 0x000000008ba00000, 0x00000000d5580000)
  object space 190464K, 99% used [0x0000000080000000,0x000000008b9f8750,0x000000008ba00000)
 Metaspace       used 26894K, committed 27968K, reserved 1114112K
  class space    used 2983K, committed 3456K, reserved 1048576K
}
Event: 27406.708 GC heap after
{Heap after GC invocations=542 (full 1):
 PSYoungGen      total 3584K, used 288K [0x00000000d5580000, 0x00000000d5980000, 0x0000000100000000)
  eden space 3072K, 0% used [0x00000000d5580000,0x00000000d5580000,0x00000000d5880000)
  from space 512K, 56% used [0x00000000d5880000,0x00000000d58c8000,0x00000000d5900000)
  to   space 512K, 0% used [0x00000000d5900000,0x00000000d5900000,0x00000000d5980000)
 ParOldGen       total 190976K, used 190489K [0x0000000080000000, 0x000000008ba80000, 0x00000000d5580000)
  object space 190976K, 99% used [0x0000000080000000,0x000000008ba06750,0x000000008ba80000)
 Metaspace       used 26894K, committed 27968K, reserved 1114112K
  class space    used 2983K, committed 3456K, reserved 1048576K
}
Event: 27407.747 GC heap before
{Heap before GC invocations=543 (full 1):
 PSYoungGen      total 3584K, used 3359K [0x00000000d5580000, 0x00000000d5980000, 0x0000000100000000)
  eden space 3072K, 99% used [0x00000000d5580000,0x00000000d587fff8,0x00000000d5880000)
  from space 512K, 56% used [0x00000000d5880000,0x00000000d58c8000,0x00000000d5900000)
  to   space 512K, 0% used [0x00000000d5900000,0x00000000d5900000,0x00000000d5980000)
 ParOldGen       total 190976K, used 190489K [0x0000000080000000, 0x000000008ba80000, 0x00000000d5580000)
  object space 190976K, 99% used [0x0000000080000000,0x000000008ba06750,0x000000008ba80000)
 Metaspace       used 26912K, committed 27968K, reserved 1114112K
  class space    used 2983K, committed 3456K, reserved 1048576K
}
Event: 27407.752 GC heap after
{Heap after GC invocations=543 (full 1):
 PSYoungGen      total 3584K, used 288K [0x00000000d5580000, 0x00000000d5980000, 0x0000000100000000)
  eden space 3072K, 0% used [0x00000000d5580000,0x00000000d5580000,0x00000000d5880000)
  from space 512K, 56% used [0x00000000d5900000,0x00000000d5948000,0x00000000d5980000)
  to   space 512K, 0% used [0x00000000d5880000,0x00000000d5880000,0x00000000d5900000)
 ParOldGen       total 190976K, used 190545K [0x0000000080000000, 0x000000008ba80000, 0x00000000d5580000)
  object space 190976K, 99% used [0x0000000080000000,0x000000008ba14750,0x000000008ba80000)
 Metaspace       used 26912K, committed 27968K, reserved 1114112K
  class space    used 2983K, committed 3456K, reserved 1048576K
}
Event: 27448.031 GC heap before
{Heap before GC invocations=544 (full 1):
 PSYoungGen      total 3584K, used 3357K [0x00000000d5580000, 0x00000000d5980000, 0x0000000100000000)
  eden space 3072K, 99% used [0x00000000d5580000,0x00000000d587f7e8,0x00000000d5880000)
  from space 512K, 56% used [0x00000000d5900000,0x00000000d5948000,0x00000000d5980000)
  to   space 512K, 0% used [0x00000000d5880000,0x00000000d5880000,0x00000000d5900000)
 ParOldGen       total 190976K, used 190545K [0x0000000080000000, 0x000000008ba80000, 0x00000000d5580000)
  object space 190976K, 99% used [0x0000000080000000,0x000000008ba14750,0x000000008ba80000)
 Metaspace       used 26929K, committed 27968K, reserved 1114112K
  class space    used 2983K, committed 3456K, reserved 1048576K
}
Event: 27448.071 GC heap after
{Heap after GC invocations=544 (full 1):
 PSYoungGen      total 3584K, used 320K [0x00000000d5580000, 0x00000000d5980000, 0x0000000100000000)
  eden space 3072K, 0% used [0x00000000d5580000,0x00000000d5580000,0x00000000d5880000)
  from space 512K, 62% used [0x00000000d5880000,0x00000000d58d0000,0x00000000d5900000)
  to   space 512K, 0% used [0x00000000d5900000,0x00000000d5900000,0x00000000d5980000)
 ParOldGen       total 190976K, used 190609K [0x0000000080000000, 0x000000008ba80000, 0x00000000d5580000)
  object space 190976K, 99% used [0x0000000080000000,0x000000008ba24750,0x000000008ba80000)
 Metaspace       used 26929K, committed 27968K, reserved 1114112K
  class space    used 2983K, committed 3456K, reserved 1048576K
}

